<?xml version="1.0" encoding="UTF-8"?>
<!-- Generated by org.testng.reporters.JUnitReportReporter -->
<testsuite hostname="DESKTOP-07NO8AP" failures="0" tests="1" name="com.orangehrm.testcases.MyinfoPageTest" time="38.448" errors="0" timestamp="2023-09-11T15:28:10 IST" skipped="0">
  <testcase classname="com.orangehrm.testcases.MyinfoPageTest" name="validate_filldetails" time="38.448"/>
  <system-out/>
</testsuite> <!-- com.orangehrm.testcases.MyinfoPageTest -->
